[debug] [2024-09-27T11:07:12.485Z] ----------------------------------------------------------------------
[debug] [2024-09-27T11:07:12.487Z] Command:       C:\Program Files\nodejs\node.exe C:\Program Files\nodejs\node_modules\firebase-tools\lib\bin\firebase.js init
[debug] [2024-09-27T11:07:12.488Z] CLI Version:   13.20.0
[debug] [2024-09-27T11:07:12.488Z] Platform:      win32
[debug] [2024-09-27T11:07:12.488Z] Node Version:  v18.12.1
[debug] [2024-09-27T11:07:12.489Z] Time:          Fri Sep 27 2024 18:07:12 GMT+0700 (Indochina Time)
[debug] [2024-09-27T11:07:12.489Z] ----------------------------------------------------------------------
[debug] 
[debug] [2024-09-27T11:07:12.496Z] > command requires scopes: ["email","openid","https://www.googleapis.com/auth/cloudplatformprojects.readonly","https://www.googleapis.com/auth/firebase","https://www.googleapis.com/auth/cloud-platform"]
[debug] [2024-09-27T11:07:12.497Z] > authorizing via signed-in user (spyspyincoc@gmail.com)
[info] 
     ######## #### ########  ######## ########     ###     ######  ########
     ##        ##  ##     ## ##       ##     ##  ##   ##  ##       ##
     ######    ##  ########  ######   ########  #########  ######  ######
     ##        ##  ##    ##  ##       ##     ## ##     ##       ## ##
     ##       #### ##     ## ######## ########  ##     ##  ######  ########

You're about to initialize a Firebase project in this directory:

  C:\Users\User\Documents\sp2\test

[info] 
=== Project Setup
[info] 
[info] First, let's associate this project directory with a Firebase project.
[info] You can create multiple project aliases by running firebase use --add, 
[info] but for now we'll just set up a default project.
[info] 
